60_Command_AggregateWellRights.doc
60_Command_AppendNetwork.doc
60_Command_CalculateDiversionDemandTSMonthly.doc
60_Command_CalculateDiversionDemandTSMonthlyAsMax.doc
60_Command_CalculateDiversionStationEfficiencies.doc
60_Command_CalculateStreamEstimateCoefficients.doc
60_Command_CalculateWellDemandTSMonthly.doc
60_Command_CalculateWellDemandTSMonthlyAsMax.doc
60_Command_CalculateWellStationEfficiencies.doc
60_Command_CheckBlaneyCriddle.doc
60_Command_CheckClimateStations.doc
60_Command_CheckCropCharacteristics.doc
60_Command_CheckCropPatternTS.doc
60_Command_CheckCULocations.doc
60_Command_CheckDiversionDemandTSMonthly.doc
60_Command_CheckDiversionHistoricalTSMonthly.doc
60_Command_CheckDiversionRights.doc
60_Command_CheckDiversionStations.doc
60_Command_CheckInstreamFlowDemandTSAverageMonthly.doc
60_Command_CheckInstreamFlowRights.doc
60_Command_CheckInstreamFlowStations.doc
60_Command_CheckIrrigationPracticeTS.doc
60_Command_CheckPenmanMonteith.doc
60_Command_CheckReservoirRights.doc
60_Command_CheckReservoirStations.doc
60_Command_CheckRiverNetwork.doc
60_Command_CheckStreamEstimateCoefficients.doc
60_Command_CheckStreamEstimateStations.doc
60_Command_CheckStreamGageStations.doc
60_Command_CheckTimeSeries.doc
60_Command_CheckWellDemandTSMonthly.doc
60_Command_CheckWellHistoricalPumpingTSMonthly.doc
60_Command_CheckWellRights.doc
60_Command_CheckWellStations.doc
60_Command_CompareFiles.doc
60_Command_CreateCropPatternTSForCULocations.doc
60_Command_CreateIrrigationPracticeTSForCULocations.doc
60_Command_CreateNetworkFromRiverNetwork.doc
60_Command_CreateRegressionTestCommandFile.doc
60_Command_CreateRiverNetworkFromNetwork.doc
60_Command_Exit.doc
60_Command_FillClimateStation.doc
60_Command_FillClimateStationsFromHydroBase.doc
60_Command_FillCropPatternTSConstant.doc
60_Command_FillCropPatternTSInterpolate.doc
60_Command_FillCropPatternTSRepeat.doc
60_Command_FillCropPatternTSUsingWellRights.doc
60_Command_FillCULocation.doc
60_Command_FillCULocationClimateStationWeights.doc
60_Command_FillCULocationsFromHydroBase.doc
60_Command_FillCULocationsFromList.doc
60_Command_FillDiversionDemandTSMonthlyAverage.doc
60_Command_FillDiversionDemandTSMonthlyConstant.doc
60_Command_FillDiversionDemandTSMonthlyPattern.doc
60_Command_FillDiversionHistoricalTSMonthlyAverage.doc
60_Command_FillDiversionHistoricalTSMonthlyConstant.doc
60_Command_FillDiversionHistoricalTSMonthlyPattern.doc
60_Command_FillDiversionRight.doc
60_Command_FillDiversionStation.doc
60_Command_FillDiversionStationsFromHydroBase.doc
60_Command_FillDiversionStationsFromNetwork.doc
60_Command_FillInstreamFlowRight.doc
60_Command_FillInstreamFlowStation.doc
60_Command_FillInstreamFlowStationsFromHydroBase.doc
60_Command_FillInstreamFlowStationsFromNetwork.doc
60_Command_FillIrrigationPracticeTSAcreageUsingWellRights.doc
60_Command_FillIrrigationPracticeTSInterpolate.doc
60_Command_FillIrrigationPracticeTSRepeat.doc
60_Command_FillNetworkFromHydroBase.doc
60_Command_FillReservoirRight.doc
60_Command_FillReservoirStation.doc
60_Command_FillReservoirStationsFromHydroBase.doc
60_Command_FillReservoirStationsFromNetwork.doc
60_Command_FillRiverNetworkFromHydroBase.doc
60_Command_FillRiverNetworkFromNetwork.doc
60_Command_FillRiverNetworkNode.doc
60_Command_FillStreamEstimateStation.doc
60_Command_FillStreamEstimateStationsFromHydroBase.doc
60_Command_FillStreamEstimateStationsFromNetwork.doc
60_Command_FillStreamGageStation.doc
60_Command_FillStreamGageStationsFromHydroBase.doc
60_Command_FillStreamGageStationsFromNetwork.doc
60_Command_FillWellDemandTSMonthlyAverage.doc
60_Command_FillWellDemandTSMonthlyConstant.doc
60_Command_FillWellDemandTSMonthlyPattern.doc
60_Command_FillWellHistoricalPumpingTSMonthlyAverage.doc
60_Command_FillWellHistoricalPumpingTSMonthlyConstant.doc
60_Command_FillWellHistoricalPumpingTSMonthlyPattern.doc
60_Command_FillWellRight.doc
60_Command_FillWellStation.doc
60_Command_FillWellStationsFromDiversionStations.doc
60_Command_FillWellStationsFromNetwork.doc
60_Command_LimitDiversionDemandTSMonthlyToRights.doc
60_Command_LimitDiversionHistoricalTSMonthlyToRights.doc
60_Command_LimitWellDemandTSMonthlyToRights.doc
60_Command_LimitWellHistoricalPumpingTSMonthlyToRights.doc
60_Command_MergeListFileColumns.doc
60_Command_MergeWellRights.doc
60_Command_OpenHydroBase.doc
60_Command_PenmanMonteithToStateCU.doc
60_Command_PrintNetwork.doc
60_Command_ReadBlaneyCriddleFromHydroBase.doc
60_Command_ReadBlaneyCriddleFromStateCU.doc
60_Command_ReadClimateStationsFromList.doc
60_Command_ReadClimateStationsFromStateCU.doc
60_Command_ReadControlFromStateMod.doc
60_Command_ReadCropCharacteristicsFromHydroBase.doc
60_Command_ReadCropCharacteristicsFromStateCU.doc
60_Command_ReadCropPatternTSFromHydroBase.doc
60_Command_ReadCropPatternTSFromStateCU.doc
60_Command_ReadCULocationsFromStateCU.doc
60_Command_ReadCULocationsFromStateMod.doc
60_Command_ReadDelayTablesDailyFromStateMod.doc
60_Command_ReadDelayTablesMonthlyFromStateMod.doc
60_Command_ReadDiversionDemandTSMonthlyFromStateMod.doc
60_Command_ReadDiversionHistoricalTSMonthlyFromHydroBase.doc
60_Command_ReadDiversionHistoricalTSMonthlyFromStateMod.doc
60_Command_ReadDiversionRightsFromHydroBase.doc
60_Command_ReadDiversionRightsFromStateMod.doc
60_Command_ReadDiversionStationsFromList.doc
60_Command_ReadDiversionStationsFromNetwork.doc
60_Command_ReadDiversionStationsFromStateMod.doc
60_Command_ReadInstreamFlowDemandTSAverageMonthlyFromStateMod.doc
60_Command_ReadInstreamFlowRightsFromHydroBase.doc
60_Command_ReadInstreamFlowRightsFromStateMod.doc
60_Command_ReadInstreamFlowStationsFromList.doc
60_Command_ReadInstreamFlowStationsFromNetwork.doc
60_Command_ReadInstreamFlowStationsFromStateMod.doc
60_Command_ReadIrrigationPracticeTSFromHydroBase.doc
60_Command_ReadIrrigationPracticeTSFromList.doc
60_Command_ReadIrrigationPracticeTSFromStateCU.doc
60_Command_ReadIrrigationWaterRequirementTSMonthlyFromStateCU.doc
60_Command_ReadNetworkFromStateMod.doc
60_Command_ReadOperationalRightsFromStateMod.doc
60_Command_ReadPatternFile.doc
60_Command_ReadPenmanMonteithFromHydroBase.doc
60_Command_ReadPenmanMonteithFromStateCU.doc
60_Command_ReadPlanReturnFromStateMod.doc
60_Command_ReadPlanStationsFromStateMod.doc
60_Command_ReadPlanWellAugmentationFromStateMod.doc
60_Command_ReadReservoirReturnFromStateMod.doc
60_Command_ReadReservoirRightsFromHydroBase.doc
60_Command_ReadReservoirRightsFromStateMod.doc
60_Command_ReadReservoirStationsFromList.doc
60_Command_ReadReservoirStationsFromNetwork.doc
60_Command_ReadReservoirStationsFromStateMod.doc
60_Command_ReadResponseFromStateMod.doc
60_Command_ReadRiverNetworkFromStateMod.doc
60_Command_ReadStreamEstimateCoefficientsFromStateMod.doc
60_Command_ReadStreamEstimateStationsFromList.doc
60_Command_ReadStreamEstimateStationsFromNetwork.doc
60_Command_ReadStreamEstimateStationsFromStateMod.doc
60_Command_ReadStreamGageStationsFromList.doc
60_Command_ReadStreamGageStationsFromNetwork.doc
60_Command_ReadStreamGageStationsFromStateMod.doc
60_Command_ReadWellDemandTSMonthlyFromStateMod.doc
60_Command_ReadWellHistoricalPumpingTSMonthlyFromStateCU.doc
60_Command_ReadWellHistoricalPumpingTSMonthlyFromStateMod.doc
60_Command_ReadWellRightsFromStateMod.doc
60_Command_ReadWellStationsFromNetwork.doc
60_Command_ReadWellStationsFromStateMod.doc
60_Command_RemoveCropPatternTS.doc
60_Command_RemoveFile.doc
60_Command_RunCommands.doc
60_Command_RunProgram.doc
60_Command_RunPython.doc
60_Command_SetBlaneyCriddle.doc
60_Command_SetClimateStation.doc
60_Command_SetCropCharacteristics.doc
60_Command_SetCropPatternTS.doc
60_Command_SetCropPatternTSFromList.doc
60_Command_SetCULocation.doc
60_Command_SetCULocationClimateStationWeights.doc
60_Command_SetCULocationClimateStationWeightsFromHydroBase.doc
60_Command_SetCULocationClimateStationWeightsFromList.doc
60_Command_SetCULocationsFromList.doc
60_Command_SetDebugLevel.doc
60_Command_SetDiversionAggregate.doc
60_Command_SetDiversionAggregateFromList.doc
60_Command_SetDiversionDemandTSMonthly.doc
60_Command_SetDiversionDemandTSMonthlyConstant.doc
60_Command_SetDiversionHistoricalTSMonthly.doc
60_Command_SetDiversionHistoricalTSMonthlyConstant.doc
60_Command_SetDiversionMultiStruct.doc
60_Command_SetDiversionMultiStructFromList.doc
60_Command_SetDiversionRight.doc
60_Command_SetDiversionStation.doc
60_Command_SetDiversionStationCapacitiesFromTS.doc
60_Command_SetDiversionStationDelayTablesFromNetwork.doc
60_Command_SetDiversionStationDelayTablesFromRTN.doc
60_Command_SetDiversionStationsFromList.doc
60_Command_SetDiversionSystem.doc
60_Command_SetDiversionSystemFromList.doc
60_Command_SetInstreamFlowDemandTSAverageMonthlyConstant.doc
60_Command_SetInstreamFlowDemandTSAverageMonthlyFromRights.doc
60_Command_SetInstreamFlowRight.doc
60_Command_SetInstreamFlowStation.doc
60_Command_SetIrrigationPracticeTS.doc
60_Command_SetIrrigationPracticeTSFromHydroBase.doc
60_Command_SetIrrigationPracticeTSFromList.doc
60_Command_SetIrrigationPracticeTSFromStateCU.doc
60_Command_SetIrrigationPracticeTSMaxPumpingToRights.doc
60_Command_SetIrrigationPracticeTSPumpingMaxUsingWellRights.doc
60_Command_SetIrrigationPracticeTSSprinklerAcreageFromList.doc
60_Command_SetIrrigationPracticeTSSprinklerAreaFromList.doc
60_Command_SetIrrigationPracticeTSTotalAcreageToCropPatternTSTotalAcreage.doc
60_Command_SetOperationalRight.doc
60_Command_SetOutputPeriod.doc
60_Command_SetOutputYearType.doc
60_Command_SetPenmanMonteith.doc
60_Command_SetPlanStation.doc
60_Command_SetReservoirAggregate.doc
60_Command_SetReservoirAggregateFromList.doc
60_Command_SetReservoirRight.doc
60_Command_SetReservoirStation.doc
60_Command_SetRiverNetworkNode.doc
60_Command_SetStreamEstimateCoefficients.doc
60_Command_SetStreamEstimateCoefficientsPFGage.doc
60_Command_SetStreamEstimateStation.doc
60_Command_SetStreamGageStation.doc
60_Command_SetWarningLevel.doc
60_Command_SetWellDemandTSMonthly.doc
60_Command_SetWellDemandTSMonthlyConstant.doc
60_Command_SetWellHistoricalPumpingTSMonthly.doc
60_Command_SetWellHistoricalPumpingTSMonthlyConstant.doc
60_Command_SetWellRight.doc
60_Command_SetWellStation.doc
60_Command_SetWellStationAreaToCropPatternTS.doc
60_Command_SetWellStationCapacitiesFromTS.doc
60_Command_SetWellStationCapacityToWellRights.doc
60_Command_SetWellStationDelayTablesFromNetwork.doc
60_Command_SetWellStationDelayTablesFromRTN.doc
60_Command_SetWellStationDepletionTablesFromRTN.doc
60_Command_SetWellStationsFromList.doc
60_Command_SetWorkingDir.doc
60_Command_SortBlaneyCriddle.doc
60_Command_SortClimateStations.doc
60_Command_SortCropCharacteristics.doc
60_Command_SortCropPatternTS.doc
60_Command_SortCULocations.doc
60_Command_SortDiversionDemandTSMonthly.doc
60_Command_SortDiversionHistoricalTSMonthly.doc
60_Command_SortDiversionRights.doc
60_Command_SortDiversionStations.doc
60_Command_SortInstreamFlowRights.doc
60_Command_SortInstreamFlowStations.doc
60_Command_SortIrrigationPracticeTS.doc
60_Command_SortPenmanMonteith.doc
60_Command_SortReservoirRights.doc
60_Command_SortReservoirStations.doc
60_Command_SortStreamEstimateStations.doc
60_Command_SortStreamGageStations.doc
60_Command_SortWellDemandTSMonthly.doc
60_Command_SortWellHistoricalPumpingTSMonthly.doc
60_Command_SortWellRights.doc
60_Command_SortWellStations.doc
60_Command_StartLog.doc
60_Command_StartRegressionTestResultsReport.doc
60_Command_TranslateBlaneyCriddle.doc
60_Command_TranslateCropCharacteristics.doc
60_Command_TranslateCropPatternTS.doc
60_Command_TranslatePenmanMonteith.doc
60_Command_WriteBlaneyCriddleToList.doc
60_Command_WriteBlaneyCriddleToStateCU.doc
60_Command_WriteCheckFile.doc
60_Command_WriteClimateStationsToList.doc
60_Command_WriteClimateStationsToStateCU.doc
60_Command_WriteControlToStateMod.doc
60_Command_WriteCropCharacteristicsToList.doc
60_Command_WriteCropCharacteristicsToStateCU.doc
60_Command_WriteCropPatternTSToDateValue.doc
60_Command_WriteCropPatternTSToStateCU.doc
60_Command_WriteCULocationsToStateCU.doc
60_Command_WriteDelayTablesDailyToList.doc
60_Command_WriteDelayTablesDailyToStateMod.doc
60_Command_WriteDelayTablesMonthlyToList.doc
60_Command_WriteDelayTablesMonthlyToStateMod.doc
60_Command_WriteDelayTablesToStateCU.doc
60_Command_WriteDiversionDemandTSMonthlyToStateMod.doc
60_Command_WriteDiversionHistoricalTSMonthlyToStateMod.doc
60_Command_WriteDiversionRightsToList.doc
60_Command_WriteDiversionRightsToStateMod.doc
60_Command_WriteDiversionStationsToList.doc
60_Command_WriteDiversionStationsToStateMod.doc
60_Command_WriteInstreamFlowDemandTSAverageMonthlyToStateMod.doc
60_Command_WriteInstreamFlowRightsToList.doc
60_Command_WriteInstreamFlowRightsToStateMod.doc
60_Command_WriteInstreamFlowStationsToList.doc
60_Command_WriteInstreamFlowStationsToStateMod.doc
60_Command_WriteIrrigationPracticeTSToDateValue.doc
60_Command_WriteIrrigationPracticeTSToStateCU.doc
60_Command_WriteNetworkToStateMod.doc
60_Command_WriteOperationalRightsToStateMod.doc
60_Command_WritePenmanMonteithToList.doc
60_Command_WritePenmanMonteithToStateCU.doc
60_Command_WritePlanReturnToStateMod.doc
60_Command_WritePlanStationsToStateMod.doc
60_Command_WritePlanWellAugmentationToStateMod.doc
60_Command_WriteReservoirReturnToStateMod.doc
60_Command_WriteReservoirRightsToList.doc
60_Command_WriteReservoirRightsToStateMod.doc
60_Command_WriteReservoirStationsToList.doc
60_Command_WriteReservoirStationsToStateMod.doc
60_Command_WriteResponseToStateMod.doc
60_Command_WriteRiverNetworkToList.doc
60_Command_WriteRiverNetworkToStateMod.doc
60_Command_WriteStreamEstimateCoefficientsToList.doc
60_Command_WriteStreamEstimateCoefficientsToStateMod.doc
60_Command_WriteStreamEstimateStationsToList.doc
60_Command_WriteStreamEstimateStationsToStateMod.doc
60_Command_WriteStreamGageStationsToList.doc
60_Command_WriteStreamGageStationsToStateMod.doc
60_Command_WriteWellDemandTSMonthlyToStateMod.doc
60_Command_WriteWellHistoricalPumpingTSMonthlyToStateMod.doc
60_Command_WriteWellRightsToList.doc
60_Command_WriteWellRightsToStateMod.doc
60_Command_WriteWellStationsToStateMod.doc
